# QEMU configure log Wed  2 Oct 2024 12:29:15 BST
# Configured with: '/Users/chrisbridges/Work/RTS_Demo/qemu/configure'

#

funcs: do_compiler do_cc compile_object check_define main
lines: 119 124 327 336 0
cc -c -o config-temp/qemu-conf.o config-temp/qemu-conf.c
config-temp/qemu-conf.c:2:2: error: __linux__ not defined
    2 | #error __linux__ not defined
      |  ^
1 error generated.

funcs: do_compiler do_cc compile_object check_define main
lines: 119 124 327 338 0
cc -c -o config-temp/qemu-conf.o config-temp/qemu-conf.c
config-temp/qemu-conf.c:2:2: error: _WIN32 not defined
    2 | #error _WIN32 not defined
      |  ^
1 error generated.

funcs: do_compiler do_cc compile_object check_define main
lines: 119 124 327 340 0
cc -c -o config-temp/qemu-conf.o config-temp/qemu-conf.c
config-temp/qemu-conf.c:2:2: error: __OpenBSD__ not defined
    2 | #error __OpenBSD__ not defined
      |  ^
1 error generated.

funcs: do_compiler do_cc compile_object check_define main
lines: 119 124 327 342 0
cc -c -o config-temp/qemu-conf.o config-temp/qemu-conf.c
config-temp/qemu-conf.c:2:2: error: __sun__ not defined
    2 | #error __sun__ not defined
      |  ^
1 error generated.

funcs: do_compiler do_cc compile_object check_define main
lines: 119 124 327 344 0
cc -c -o config-temp/qemu-conf.o config-temp/qemu-conf.c
config-temp/qemu-conf.c:2:2: error: __HAIKU__ not defined
    2 | #error __HAIKU__ not defined
      |  ^
1 error generated.

funcs: do_compiler do_cc compile_object check_define main
lines: 119 124 327 346 0
cc -c -o config-temp/qemu-conf.o config-temp/qemu-conf.c
config-temp/qemu-conf.c:2:2: error: __FreeBSD__ not defined
    2 | #error __FreeBSD__ not defined
      |  ^
1 error generated.

funcs: do_compiler do_cc compile_object check_define main
lines: 119 124 327 348 0
cc -c -o config-temp/qemu-conf.o config-temp/qemu-conf.c
config-temp/qemu-conf.c:2:2: error: __FreeBSD_kernel__ not defined
    2 | #error __FreeBSD_kernel__ not defined
      |  ^
1 error generated.

funcs: do_compiler do_cc compile_object check_define main
lines: 119 124 327 350 0
cc -c -o config-temp/qemu-conf.o config-temp/qemu-conf.c
config-temp/qemu-conf.c:2:2: error: __DragonFly__ not defined
    2 | #error __DragonFly__ not defined
      |  ^
1 error generated.

funcs: do_compiler do_cc compile_object check_define main
lines: 119 124 327 352 0
cc -c -o config-temp/qemu-conf.o config-temp/qemu-conf.c
config-temp/qemu-conf.c:2:2: error: __NetBSD__ not defined
    2 | #error __NetBSD__ not defined
      |  ^
1 error generated.

funcs: do_compiler do_cc compile_object check_define main
lines: 119 124 327 354 0
cc -c -o config-temp/qemu-conf.o config-temp/qemu-conf.c

funcs: do_compiler do_cc compile_object check_define main
lines: 119 124 327 366 0
cc -c -o config-temp/qemu-conf.o config-temp/qemu-conf.c
config-temp/qemu-conf.c:2:2: error: __i386__ not defined
    2 | #error __i386__ not defined
      |  ^
1 error generated.

funcs: do_compiler do_cc compile_object check_define main
lines: 119 124 327 368 0
cc -c -o config-temp/qemu-conf.o config-temp/qemu-conf.c
config-temp/qemu-conf.c:2:2: error: __x86_64__ not defined
    2 | #error __x86_64__ not defined
      |  ^
1 error generated.

funcs: do_compiler do_cc compile_object check_define main
lines: 119 124 327 374 0
cc -c -o config-temp/qemu-conf.o config-temp/qemu-conf.c
config-temp/qemu-conf.c:2:2: error: __sparc__ not defined
    2 | #error __sparc__ not defined
      |  ^
1 error generated.

funcs: do_compiler do_cc compile_object check_define main
lines: 119 124 327 380 0
cc -c -o config-temp/qemu-conf.o config-temp/qemu-conf.c
config-temp/qemu-conf.c:2:2: error: _ARCH_PPC not defined
    2 | #error _ARCH_PPC not defined
      |  ^
1 error generated.

funcs: do_compiler do_cc compile_object check_define main
lines: 119 124 327 390 0
cc -c -o config-temp/qemu-conf.o config-temp/qemu-conf.c
config-temp/qemu-conf.c:2:2: error: __mips__ not defined
    2 | #error __mips__ not defined
      |  ^
1 error generated.

funcs: do_compiler do_cc compile_object check_define main
lines: 119 124 327 392 0
cc -c -o config-temp/qemu-conf.o config-temp/qemu-conf.c
config-temp/qemu-conf.c:2:2: error: __s390__ not defined
    2 | #error __s390__ not defined
      |  ^
1 error generated.

funcs: do_compiler do_cc compile_object check_define main
lines: 119 124 327 398 0
cc -c -o config-temp/qemu-conf.o config-temp/qemu-conf.c
config-temp/qemu-conf.c:2:2: error: __riscv not defined
    2 | #error __riscv not defined
      |  ^
1 error generated.

funcs: do_compiler do_cc compile_object check_define main
lines: 119 124 327 404 0
cc -c -o config-temp/qemu-conf.o config-temp/qemu-conf.c
config-temp/qemu-conf.c:2:2: error: __arm__ not defined
    2 | #error __arm__ not defined
      |  ^
1 error generated.

funcs: do_compiler do_cc compile_object check_define main
lines: 119 124 327 406 0
cc -c -o config-temp/qemu-conf.o config-temp/qemu-conf.c

funcs: do_compiler do_cc compile_object check_64bit_host main
lines: 119 124 529 532 0
cc -c -o config-temp/qemu-conf.o config-temp/qemu-conf.c

funcs: do_compiler do_cc compile_object main
lines: 119 124 921 0
cc -c -o config-temp/qemu-conf.o config-temp/qemu-conf.c

funcs: do_compiler do_cc compile_prog main
lines: 119 130 1086 0
cc -Werror -fPIE -DPIE -o config-temp/qemu-conf.exe config-temp/qemu-conf.c -pie
clang: error: argument unused during compilation: '-pie' [-Werror,-Wunused-command-line-argument]

funcs: do_compiler do_cc compile_prog main
lines: 119 130 1151 0
cc -o config-temp/qemu-conf.exe config-temp/qemu-conf.c
config-temp/qemu-conf.c:2:3: error: LITTLE
    2 | # error LITTLE
      |   ^
1 error generated.

funcs: do_compiler probe_target_compiler main
lines: 1458 1683 0
cc -o config-temp/qemu-conf.o -c config-temp/qemu-conf.c

funcs: do_compiler probe_target_compiler main
lines: 1459 1683 0
cc -r -nostdlib -o config-temp/qemu-conf2.o config-temp/qemu-conf.o -lgcc
ld: library not found for -lgcc
clang: error: linker command failed with exit code 1 (use -v to see invocation)
